<?xml version="1.0" encoding="UTF-8"?>
<!-- Generated by org.testng.reporters.JUnitReportReporter -->
<testsuite hostname="ITLNB638" failures="0" tests="1" name="com.UI.test.AddToCartTest" time="12.416" errors="1" timestamp="2026-03-20T14:56:42 IST" skipped="0">
  <testcase classname="com.UI.test.AddToCartTest" name="verifyItemAddedToCart" time="12.416">
    <error message="element click intercepted: Element &lt;a class=&quot;s-card__link image-treatment&quot; href=&quot;https://ebay.com/itm/123456?itmmeta=012DEW30YG0MEEKND7NH&amp;amp;hash=item123546:g:acwAA9KNiJowH:sc:ShippingMethodStandard!95008!US!-1&amp;amp;itmprp=enc%3AbgepL1tlUHjMGCVfSTGJh%2BzsVKeJ3CQk7NizDI4BZeppuFnmyS6Ijyp8lh%2FnEw%2BWqO7uTV1Q6izE1R0T54aV8j71F4xlWfVcGft4%2FiOQhtqVXA1rW6M1atPARQRmhqUxtEPJKhKtSFgI%2Bvwlzb0GwVCtkp%3ABlBMUObkmabpYw&quot; data-interactions=&quot;[{&amp;quot;actionKind&amp;quot;:&amp;quot;NAVSRC&amp;quot;,&amp;quot;interaction&amp;quot;:&amp;quot;wwFVrK2vRE0lhQY0MREUzME5KNVY2VE1XNkJEMTUAAAg3NDAwDE5BVlNSQwA=&amp;quot;}]&quot; data-s-bbgi783=&quot;{&amp;quot;eventFamily&amp;quot;:&amp;quot;LST&amp;quot;,&amp;quot;eventAction&amp;quot;:&amp;quot;ACTN&amp;quot;,&amp;quot;actionKind&amp;quot;:&amp;quot;NAVSRC&amp;quot;,&amp;quot;actionKinds&amp;quot;:[&amp;quot;NAVSRC&amp;quot;],&amp;quot;operationId&amp;quot;:&amp;quot;&amp;quot;,&amp;quot;flushImmediately&amp;quot;:false,&amp;quot;eventProperty&amp;quot;:{&amp;quot;trackableId&amp;quot;:&amp;quot;01GDF2P4GS7EBZ8M2AWN707B&amp;quot;,&amp;quot;interaction&amp;quot;:&amp;quot;wwFVrK2vRE0lhQY0MREUzME5KNVY2VE1XNkJEMTUAAAg3NDAwDE5BVlNSQwA=&amp;quot;}}&quot; target=&quot;_blank&quot; tabindex=&quot;-1&quot; data-carousel-tabindex=&quot;-1&quot; style=&quot;--aspect-ratio: 1;&quot;&gt;...&lt;/a&gt; is not clickable at point (237, 412). Other element would receive the click: &lt;div class=&quot;srp-river-results clearfix&quot; id=&quot;srp-river-results&quot;&gt;...&lt;/div&gt;
  (Session info: chrome=146.0.7680.80)
Build info: version: &#039;4.18.1&#039;, revision: &#039;b1d3319b48&#039;
System info: os.name: &#039;Windows 10&#039;, os.arch: &#039;amd64&#039;, os.version: &#039;10.0&#039;, java.version: &#039;23.0.1&#039;
Driver info: org.openqa.selenium.chrome.ChromeDriver
Command: [79b7ffc481293d5768e833b9097d0ffa, clickElement {id=f.4F4FB26A4BA41CE00F6BAEEE6F5EF23A.d.B1539124CC74B4F0C8172E4C2D581AE1.e.207}]
Capabilities {acceptInsecureCerts: false, browserName: chrome, browserVersion: 146.0.7680.80, chrome: {chromedriverVersion: 146.0.7680.153 (85fd829a1b2..., userDataDir: C:\Users\SARIP~1.RON\AppDat...}, fedcm:accounts: true, goog:chromeOptions: {debuggerAddress: localhost:56449}, goog:processID: 18912, networkConnectionEnabled: false, pageLoadStrategy: normal, platformName: windows, proxy: Proxy(), se:cdp: ws://localhost:56449/devtoo..., se:cdpVersion: 146.0.7680.80, setWindowRect: true, strictFileInteractability: false, timeouts: {implicit: 0, pageLoad: 300000, script: 30000}, unhandledPromptBehavior: dismiss and notify, webauthn:extension:credBlob: true, webauthn:extension:largeBlob: true, webauthn:extension:minPinLength: true, webauthn:extension:prf: true, webauthn:virtualAuthenticators: true}
Element: [[ChromeDriver: chrome on windows (79b7ffc481293d5768e833b9097d0ffa)] -&gt; xpath: (//a[@class=&#039;s-card__link image-treatment&#039;])[1]]
Session ID: 79b7ffc481293d5768e833b9097d0ffa" type="org.openqa.selenium.ElementClickInterceptedException">
      <![CDATA[org.openqa.selenium.ElementClickInterceptedException: element click intercepted: Element <a class="s-card__link image-treatment" href="https://ebay.com/itm/123456?itmmeta=012DEW30YG0MEEKND7NH&amp;hash=item123546:g:acwAA9KNiJowH:sc:ShippingMethodStandard!95008!US!-1&amp;itmprp=enc%3AbgepL1tlUHjMGCVfSTGJh%2BzsVKeJ3CQk7NizDI4BZeppuFnmyS6Ijyp8lh%2FnEw%2BWqO7uTV1Q6izE1R0T54aV8j71F4xlWfVcGft4%2FiOQhtqVXA1rW6M1atPARQRmhqUxtEPJKhKtSFgI%2Bvwlzb0GwVCtkp%3ABlBMUObkmabpYw" data-interactions="[{&quot;actionKind&quot;:&quot;NAVSRC&quot;,&quot;interaction&quot;:&quot;wwFVrK2vRE0lhQY0MREUzME5KNVY2VE1XNkJEMTUAAAg3NDAwDE5BVlNSQwA=&quot;}]" data-s-bbgi783="{&quot;eventFamily&quot;:&quot;LST&quot;,&quot;eventAction&quot;:&quot;ACTN&quot;,&quot;actionKind&quot;:&quot;NAVSRC&quot;,&quot;actionKinds&quot;:[&quot;NAVSRC&quot;],&quot;operationId&quot;:&quot;&quot;,&quot;flushImmediately&quot;:false,&quot;eventProperty&quot;:{&quot;trackableId&quot;:&quot;01GDF2P4GS7EBZ8M2AWN707B&quot;,&quot;interaction&quot;:&quot;wwFVrK2vRE0lhQY0MREUzME5KNVY2VE1XNkJEMTUAAAg3NDAwDE5BVlNSQwA=&quot;}}" target="_blank" tabindex="-1" data-carousel-tabindex="-1" style="--aspect-ratio: 1;">...</a> is not clickable at point (237, 412). Other element would receive the click: <div class="srp-river-results clearfix" id="srp-river-results">...</div>
  (Session info: chrome=146.0.7680.80)
Build info: version: '4.18.1', revision: 'b1d3319b48'
System info: os.name: 'Windows 10', os.arch: 'amd64', os.version: '10.0', java.version: '23.0.1'
Driver info: org.openqa.selenium.chrome.ChromeDriver
Command: [79b7ffc481293d5768e833b9097d0ffa, clickElement {id=f.4F4FB26A4BA41CE00F6BAEEE6F5EF23A.d.B1539124CC74B4F0C8172E4C2D581AE1.e.207}]
Capabilities {acceptInsecureCerts: false, browserName: chrome, browserVersion: 146.0.7680.80, chrome: {chromedriverVersion: 146.0.7680.153 (85fd829a1b2..., userDataDir: C:\Users\SARIP~1.RON\AppDat...}, fedcm:accounts: true, goog:chromeOptions: {debuggerAddress: localhost:56449}, goog:processID: 18912, networkConnectionEnabled: false, pageLoadStrategy: normal, platformName: windows, proxy: Proxy(), se:cdp: ws://localhost:56449/devtoo..., se:cdpVersion: 146.0.7680.80, setWindowRect: true, strictFileInteractability: false, timeouts: {implicit: 0, pageLoad: 300000, script: 30000}, unhandledPromptBehavior: dismiss and notify, webauthn:extension:credBlob: true, webauthn:extension:largeBlob: true, webauthn:extension:minPinLength: true, webauthn:extension:prf: true, webauthn:virtualAuthenticators: true}
Element: [[ChromeDriver: chrome on windows (79b7ffc481293d5768e833b9097d0ffa)] -> xpath: (//a[@class='s-card__link image-treatment'])[1]]
Session ID: 79b7ffc481293d5768e833b9097d0ffa
at java.base/jdk.internal.reflect.DirectConstructorHandleAccessor.newInstance(DirectConstructorHandleAccessor.java:62)
at java.base/java.lang.reflect.Constructor.newInstanceWithCaller(Constructor.java:501)
at java.base/java.lang.reflect.Constructor.newInstance(Constructor.java:485)
at org.openqa.selenium.remote.ErrorCodec.decode(ErrorCodec.java:167)
at org.openqa.selenium.remote.codec.w3c.W3CHttpResponseCodec.decode(W3CHttpResponseCodec.java:138)
at org.openqa.selenium.remote.codec.w3c.W3CHttpResponseCodec.decode(W3CHttpResponseCodec.java:50)
at org.openqa.selenium.remote.HttpCommandExecutor.execute(HttpCommandExecutor.java:190)
at org.openqa.selenium.remote.service.DriverCommandExecutor.invokeExecute(DriverCommandExecutor.java:216)
at org.openqa.selenium.remote.service.DriverCommandExecutor.execute(DriverCommandExecutor.java:174)
at org.openqa.selenium.remote.RemoteWebDriver.execute(RemoteWebDriver.java:519)
at org.openqa.selenium.remote.RemoteWebElement.execute(RemoteWebElement.java:223)
at org.openqa.selenium.remote.RemoteWebElement.click(RemoteWebElement.java:76)
at com.UI.pages.SearchResultsPage.clickFirstItem(SearchResultsPage.java:17)
at com.UI.test.AddToCartTest.verifyItemAddedToCart(AddToCartTest.java:25)
at java.base/jdk.internal.reflect.DirectMethodHandleAccessor.invoke(DirectMethodHandleAccessor.java:103)
at java.base/java.lang.reflect.Method.invoke(Method.java:580)
at org.testng.internal.invokers.MethodInvocationHelper.invokeMethod(MethodInvocationHelper.java:139)
at org.testng.internal.invokers.TestInvoker.invokeMethod(TestInvoker.java:664)
at org.testng.internal.invokers.TestInvoker.invokeTestMethod(TestInvoker.java:228)
at org.testng.internal.invokers.MethodRunner.runInSequence(MethodRunner.java:63)
at org.testng.internal.invokers.TestInvoker$MethodInvocationAgent.invoke(TestInvoker.java:961)
at org.testng.internal.invokers.TestInvoker.invokeTestMethods(TestInvoker.java:201)
at org.testng.internal.invokers.TestMethodWorker.invokeTestMethods(TestMethodWorker.java:148)
at org.testng.internal.invokers.TestMethodWorker.run(TestMethodWorker.java:128)
at java.base/java.util.ArrayList.forEach(ArrayList.java:1597)
at org.testng.TestRunner.privateRun(TestRunner.java:819)
at org.testng.TestRunner.run(TestRunner.java:619)
at org.testng.SuiteRunner.runTest(SuiteRunner.java:443)
at org.testng.SuiteRunner.runSequentially(SuiteRunner.java:437)
at org.testng.SuiteRunner.privateRun(SuiteRunner.java:397)
at org.testng.SuiteRunner.run(SuiteRunner.java:336)
at org.testng.SuiteRunnerWorker.runSuite(SuiteRunnerWorker.java:52)
at org.testng.SuiteRunnerWorker.run(SuiteRunnerWorker.java:95)
at org.testng.TestNG.runSuitesSequentially(TestNG.java:1301)
at org.testng.TestNG.runSuitesLocally(TestNG.java:1228)
at org.testng.TestNG.runSuites(TestNG.java:1134)
at org.testng.TestNG.run(TestNG.java:1101)
at org.testng.remote.AbstractRemoteTestNG.run(AbstractRemoteTestNG.java:115)
at org.testng.remote.RemoteTestNG.initAndRun(RemoteTestNG.java:293)
at org.testng.remote.RemoteTestNG.main(RemoteTestNG.java:91)
]]>
    </error>
  </testcase> <!-- verifyItemAddedToCart -->
</testsuite> <!-- com.UI.test.AddToCartTest -->
